INFO:  latexindent.pl version 3.9.1, 2021-03-21, a script to indent .tex files
       latexindent.pl lives here: /usr/local/bin/
       Thu Apr 15 13:00:02 2021
       Filename: /home/joris/Documents/uni/bachelor_thesis/latex/chapters/__latexindent_temp.tex
INFO:  Processing switches:
       -y|--yaml: YAML settings specified via command line
       -c|--cruft: cruft directory
INFO:  Directory for backup files and /home/joris/Documents/uni/bachelor_thesis/latex//indent.log: /home/joris/Documents/uni/bachelor_thesis/latex/
INFO:  Perl modules are being loaded from the following directories:
       /usr/share/perl/5.30/FindBin.pm
       /usr/local/share/perl/5.30.0/YAML/Tiny.pm
       /usr/share/perl/5.30/File/Copy.pm
       /usr/share/perl/5.30/File/Basename.pm
       /usr/share/perl/5.30/Getopt/Long.pm
       /usr/local/share/perl/5.30.0/File/HomeDir.pm
       /usr/local/lib/x86_64-linux-gnu/perl/5.30.0/Unicode/GCString.pm
INFO:  Latex Indent perl modules are being loaded from, for example:
       /usr/local/bin/LatexIndent/Document.pm
INFO:  YAML settings read: defaultSettings.yaml
        Reading defaultSettings.yaml from /usr/local/bin/defaultSettings.yaml
INFO:  YAML settings read: indentconfig.yaml or .indentconfig.yaml
       Home directory is /home/joris (didn't find either indentconfig.yaml or .indentconfig.yaml)
       To specify user settings you would put indentconfig.yaml here: /home/joris/indentconfig.yaml
       Alternatively, you can use the hidden file .indentconfig.yaml as: /home/joris/.indentconfig.yaml
INFO:  YAML settings read: -y switch
       YAML setting: defaultIndent:'    '
       Updating masterSettings with defaultIndent:     
INFO:  Phase 1: searching for objects
INFO:  Phase 2: finding surrounding indentation
INFO:  Phase 3: indenting objects
INFO:  Phase 4: final indentation check
INFO:  Output routine:
       Not outputting to file; see -w and -o switches for more options.
       --------------
INFO:  Please direct all communication/issues to:
        https://github.com/cmhughes/latexindent.pl
